2025-05-29 13:14:10 - root - INFO - Logging initialized - Level: INFO, File: /Users/jeroncrooks/CascadeProjects/Advance-Analysis/logs/advance_analysis_20250529_131410.log
2025-05-29 13:14:10 - src.advance_analysis.modules.excel_handler - WARNING - Windows COM modules not available - Excel COM automation features will be disabled
2025-05-29 13:14:10 - src.advance_analysis.core.comparative_analysis_processing - INFO - Initialized ComparativeAnalysisProcessor for TEST
2025-05-29 13:14:10 - src.advance_analysis.core.comparative_analysis_processing - INFO - Starting comparative data processing
2025-05-29 13:14:10 - src.advance_analysis.core.comparative_analysis_processing - INFO - Initial DataFrame shape: (2, 9)
2025-05-29 13:14:10 - src.advance_analysis.core.comparative_analysis_processing - INFO - Initial columns: ['TAS', 'SGL', 'DHS Doc No', 'Advance/Prepayment', 'Status', 'Date of Advance', 'Last Activity Date', 'Anticipated Liquidation Date', 'Advance/Prepayment.1']
2025-05-29 13:14:10 - src.advance_analysis.core.comparative_analysis_processing - INFO - Validating and cleaning comparative data
2025-05-29 13:14:10 - src.advance_analysis.core.comparative_analysis_processing - INFO - Found 'Advance/Prepayment' column, will use it for DO Concatenate
2025-05-29 13:14:10 - src.advance_analysis.core.comparative_analysis_processing - INFO - All required columns present. Total columns: 9
2025-05-29 13:14:10 - src.advance_analysis.core.comparative_analysis_processing - INFO - Transforming date columns in comparative data
2025-05-29 13:14:10 - src.advance_analysis.core.comparative_analysis_processing - WARNING - Date column 'Period of Performance End Date' not found in comparative DataFrame
2025-05-29 13:14:10 - src.advance_analysis.core.comparative_analysis_processing - INFO - Setting column types for comparative data
2025-05-29 13:14:10 - src.advance_analysis.core.comparative_analysis_processing - INFO - Removing extra columns from comparative data
2025-05-29 13:14:10 - src.advance_analysis.core.comparative_analysis_processing - INFO - No extra columns to remove
2025-05-29 13:14:10 - src.advance_analysis.core.comparative_analysis_processing - INFO - Adding DO Concatenate column to comparative data
2025-05-29 13:14:10 - src.advance_analysis.core.comparative_analysis_processing - INFO - Filtering valid rows (non-null TAS) in comparative data
2025-05-29 13:14:10 - src.advance_analysis.core.comparative_analysis_processing - INFO - Filtered out 0 rows with null TAS
2025-05-29 13:14:10 - src.advance_analysis.core.comparative_analysis_processing - INFO - Remaining rows: 2
2025-05-29 13:14:10 - src.advance_analysis.core.comparative_analysis_processing - INFO - Renaming columns to avoid conflicts with current year data
2025-05-29 13:14:10 - src.advance_analysis.core.comparative_analysis_processing - INFO - Renaming 4 columns with _comp suffix
2025-05-29 13:14:10 - src.advance_analysis.core.comparative_analysis_processing - INFO - Processing complete. Final DataFrame shape: (2, 10)
2025-05-29 13:14:10 - src.advance_analysis.core.comparative_analysis_processing - INFO - Final columns: ['TAS', 'SGL', 'DHS Doc No', 'Advance/Prepayment', 'Status_comp', 'Date of Advance_comp', 'Last Activity Date_comp', 'Anticipated Liquidation Date_comp', 'Advance/Prepayment.1', 'DO Concatenate']
2025-05-29 13:14:10 - src.advance_analysis.core.advance_analysis_merged - INFO - Initialized AdvanceAnalysisProcessor for TEST
2025-05-29 13:14:10 - src.advance_analysis.core.advance_analysis_merged - INFO - Fiscal Year Start Date: 10/01/2024
2025-05-29 13:14:10 - src.advance_analysis.core.advance_analysis_merged - INFO - Fiscal Year End Date: 09/30/2025
2025-05-29 13:14:10 - src.advance_analysis.core.advance_analysis_merged - INFO - Merging CY and PY dataframes on DO Concatenate
2025-05-29 13:14:10 - src.advance_analysis.core.advance_analysis_merged - INFO - Keeping 5 columns from PY data: ['DO Concatenate', 'Date of Advance_comp', 'Last Activity Date_comp', 'Anticipated Liquidation Date_comp', 'Status_comp']
2025-05-29 13:14:10 - src.advance_analysis.core.advance_analysis_merged - INFO - Merged DataFrame shape: (2, 14)
2025-05-29 13:14:10 - src.advance_analysis.core.advance_analysis_merged - INFO - Sample of merged data (first 5 rows):
2025-05-29 13:14:10 - src.advance_analysis.core.advance_analysis_merged - INFO - 
  DO Concatenate Status  Advance/Prepayment Status_comp
0     123DOC1100      1                 100         NaN
1     456DOC2200      2                 200         NaN
2025-05-29 13:14:10 - src.advance_analysis.core.advance_analysis_merged - INFO - Merge statistics: 0 rows matched with PY data out of 2 total rows
2025-05-29 13:14:10 - src.advance_analysis.core.advance_analysis_merged - INFO - Match rate: 0.0%
