2025-05-27 21:52:50 - root - INFO - Logging initialized - Level: INFO, File: /Users/jeroncrooks/CascadeProjects/Advance-Analysis/logs/advance_analysis_20250527_215250.log
2025-05-27 21:52:50 - src.advance_analysis.modules.excel_handler - WARNING - Windows COM modules not available - Excel COM automation features will be disabled
2025-05-27 21:52:50 - root - INFO - Logging initialized - Level: INFO, File: /Users/jeroncrooks/CascadeProjects/Advance-Analysis/logs/advance_analysis_20250527_215250.log
2025-05-27 21:52:50 - __main__ - INFO - Created CY test file: /Users/jeroncrooks/CascadeProjects/Advance-Analysis/test_data/WMD FY25 Q2 Advance Analysis.xlsx
2025-05-27 21:52:50 - __main__ - INFO - Created PY test file: /Users/jeroncrooks/CascadeProjects/Advance-Analysis/test_data/WMD FY24 Q2 Advance Analysis.xlsx
2025-05-27 21:52:50 - __main__ - INFO - Created CY DHSTIER file: /Users/jeroncrooks/CascadeProjects/Advance-Analysis/test_data/WMD_FY25_Q2_DHSTIER.xlsx
2025-05-27 21:52:50 - __main__ - INFO - Created PY DHSTIER file: /Users/jeroncrooks/CascadeProjects/Advance-Analysis/test_data/WMD_FY24_Q2_DHSTIER.xlsx
2025-05-27 21:52:50 - src.advance_analysis.core.data_processing_complete - INFO - Starting complete advance analysis processing for WMD FY25 Q2
2025-05-27 21:52:50 - src.advance_analysis.core.data_processing_complete - INFO - Fiscal Year: 2025
2025-05-27 21:52:50 - src.advance_analysis.core.data_processing_complete - INFO - Current Reporting Date: 03/31/2025
2025-05-27 21:52:50 - src.advance_analysis.core.data_processing_complete - INFO - Fiscal Year Start: 10/01/2024
2025-05-27 21:52:50 - src.advance_analysis.core.data_processing_complete - INFO - Fiscal Year End: 09/30/2025
2025-05-27 21:52:50 - src.advance_analysis.core.data_processing_complete - INFO - ================================================================================
2025-05-27 21:52:50 - src.advance_analysis.core.data_processing_complete - INFO - STEP 1: Processing Current Year (CY) Data
2025-05-27 21:52:50 - src.advance_analysis.core.data_processing_complete - INFO - ================================================================================
2025-05-27 21:52:50 - src.advance_analysis.modules.data_loader - INFO - Loading file: /Users/jeroncrooks/CascadeProjects/Advance-Analysis/test_data/WMD FY25 Q2 Advance Analysis.xlsx
2025-05-27 21:52:51 - src.advance_analysis.modules.data_loader - ERROR - Error loading Excel file: Pandas requires version '3.1.0' or newer of 'openpyxl' (version '3.0.10' currently installed).
Traceback (most recent call last):
  File "/Users/jeroncrooks/CascadeProjects/Advance-Analysis/src/advance_analysis/modules/data_loader.py", line 191, in load_excel_file
    xl_file = pd.ExcelFile(file_path, engine='openpyxl')
              ^^^^^^^^^^^^^^^^^^^^^^^^^^^^^^^^^^^^^^^^^^
  File "/Users/jeroncrooks/miniconda3/lib/python3.12/site-packages/pandas/io/excel/_base.py", line 1567, in __init__
    self._reader = self._engines[engine](
                   ^^^^^^^^^^^^^^^^^^^^^^
  File "/Users/jeroncrooks/miniconda3/lib/python3.12/site-packages/pandas/io/excel/_openpyxl.py", line 552, in __init__
    import_optional_dependency("openpyxl")
  File "/Users/jeroncrooks/miniconda3/lib/python3.12/site-packages/pandas/compat/_optional.py", line 164, in import_optional_dependency
    raise ImportError(msg)
ImportError: Pandas requires version '3.1.0' or newer of 'openpyxl' (version '3.0.10' currently installed).
